{"contracts/Escrow.sol":{"l":{"46":13,"47":12,"51":9,"52":8,"56":20,"57":19,"61":8,"62":7,"66":11,"67":10,"78":57,"86":59,"90":58,"95":57,"96":57,"98":57,"99":38,"102":57,"104":57,"105":57,"107":57,"108":57,"110":57,"112":57,"125":5,"126":5,"131":4,"132":4,"133":4,"134":4,"135":4,"137":4,"150":3,"151":3,"156":2,"157":2,"158":2,"159":2,"161":2,"175":5,"176":5,"182":4,"183":1,"184":1,"185":1,"186":1,"190":3,"191":3,"192":3,"208":4,"209":4,"213":3,"214":3,"219":1,"220":1,"221":1,"223":1,"235":39,"239":38,"240":38,"242":38,"244":38,"256":6,"264":29,"265":29,"266":87,"268":29,"276":1,"277":1,"278":2,"280":1,"288":3,"290":3,"291":1,"292":1,"293":1,"296":2,"297":1,"298":1,"299":3,"302":1,"305":2,"313":1,"321":1},"path":"/home/matteo/Desktop/GitHub/webAppOberon/reactapp/contracts/Escrow.sol","s":{"1":13,"2":9,"3":20,"4":8,"5":11,"6":57,"7":59,"8":58,"9":57,"10":57,"11":57,"12":38,"13":57,"14":57,"15":57,"16":57,"17":57,"18":57,"19":57,"20":5,"21":5,"22":4,"23":4,"24":4,"25":4,"26":4,"27":4,"28":3,"29":3,"30":2,"31":2,"32":2,"33":2,"34":2,"35":5,"36":5,"37":4,"38":1,"39":1,"40":1,"41":1,"42":3,"43":3,"44":3,"45":4,"46":4,"47":3,"48":3,"49":1,"50":1,"51":1,"52":1,"53":39,"54":38,"55":38,"56":38,"57":38,"58":6,"59":29,"60":29,"61":87,"62":29,"63":1,"64":1,"65":2,"66":1,"67":3,"68":3,"69":1,"70":1,"71":1,"72":2,"73":1,"74":1,"75":3,"76":1,"77":2,"78":1,"79":1},"b":{"1":[12,1],"2":[8,1],"3":[19,1],"4":[7,1],"5":[10,1],"6":[58,1],"7":[57,1],"8":[38,19],"9":[4,1],"10":[2,1],"11":[4,1],"12":[1,3],"13":[3,1],"14":[1,2],"15":[38,1],"16":[1,2],"17":[1,1]},"f":{"1":13,"2":9,"3":20,"4":8,"5":11,"6":57,"7":59,"8":5,"9":3,"10":5,"11":4,"12":39,"13":6,"14":29,"15":1,"16":3,"17":1,"18":1},"fnMap":{"1":{"name":"onlyBuyer","line":45,"loc":{"start":{"line":45,"column":1},"end":{"line":48,"column":1}}},"2":{"name":"onlySeller","line":50,"loc":{"start":{"line":50,"column":1},"end":{"line":53,"column":1}}},"3":{"name":"orderExists","line":55,"loc":{"start":{"line":55,"column":1},"end":{"line":58,"column":1}}},"4":{"name":"sellerIsOwner","line":60,"loc":{"start":{"line":60,"column":1},"end":{"line":63,"column":1}}},"5":{"name":"buyerIsOwner","line":65,"loc":{"start":{"line":65,"column":1},"end":{"line":68,"column":1}}},"6":{"name":"constructor","line":77,"loc":{"start":{"line":77,"column":1},"end":{"line":79,"column":1}}},"7":{"name":"createOrder","line":82,"loc":{"start":{"line":82,"column":1},"end":{"line":113,"column":1}}},"8":{"name":"confirmOrder","line":123,"loc":{"start":{"line":119,"column":1},"end":{"line":138,"column":1}}},"9":{"name":"deleteOrder","line":148,"loc":{"start":{"line":144,"column":1},"end":{"line":162,"column":1}}},"10":{"name":"askRefund","line":173,"loc":{"start":{"line":169,"column":1},"end":{"line":194,"column":1}}},"11":{"name":"refundBuyer","line":206,"loc":{"start":{"line":201,"column":1},"end":{"line":224,"column":1}}},"12":{"name":"registerAsSeller","line":232,"loc":{"start":{"line":232,"column":1},"end":{"line":245,"column":1}}},"13":{"name":"getBalance","line":251,"loc":{"start":{"line":251,"column":1},"end":{"line":257,"column":1}}},"14":{"name":"getOrders","line":259,"loc":{"start":{"line":259,"column":1},"end":{"line":269,"column":1}}},"15":{"name":"getSellers","line":271,"loc":{"start":{"line":271,"column":1},"end":{"line":281,"column":1}}},"16":{"name":"getOrdersOfUser","line":283,"loc":{"start":{"line":283,"column":1},"end":{"line":306,"column":1}}},"17":{"name":"getTotalOrders","line":308,"loc":{"start":{"line":308,"column":1},"end":{"line":314,"column":1}}},"18":{"name":"getTotalSellers","line":316,"loc":{"start":{"line":316,"column":1},"end":{"line":322,"column":1}}}},"statementMap":{"1":{"start":{"line":46,"column":2},"end":{"line":46,"column":28}},"2":{"start":{"line":51,"column":2},"end":{"line":51,"column":29}},"3":{"start":{"line":56,"column":2},"end":{"line":56,"column":43}},"4":{"start":{"line":61,"column":2},"end":{"line":61,"column":47}},"5":{"start":{"line":66,"column":2},"end":{"line":66,"column":46}},"6":{"start":{"line":78,"column":2},"end":{"line":78,"column":19}},"7":{"start":{"line":86,"column":2},"end":{"line":86,"column":1717}},"8":{"start":{"line":90,"column":2},"end":{"line":90,"column":1812}},"9":{"start":{"line":95,"column":2},"end":{"line":95,"column":45}},"10":{"start":{"line":96,"column":2},"end":{"line":96,"column":25}},"11":{"start":{"line":98,"column":2},"end":{"line":98,"column":1969}},"12":{"start":{"line":99,"column":3},"end":{"line":99,"column":22}},"13":{"start":{"line":102,"column":2},"end":{"line":102,"column":33}},"14":{"start":{"line":104,"column":2},"end":{"line":104,"column":73}},"15":{"start":{"line":105,"column":2},"end":{"line":105,"column":22}},"16":{"start":{"line":107,"column":2},"end":{"line":107,"column":29}},"17":{"start":{"line":108,"column":2},"end":{"line":108,"column":31}},"18":{"start":{"line":110,"column":2},"end":{"line":110,"column":24}},"19":{"start":{"line":112,"column":2},"end":{"line":112,"column":29}},"20":{"start":{"line":125,"column":2},"end":{"line":125,"column":47}},"21":{"start":{"line":126,"column":2},"end":{"line":126,"column":2596}},"22":{"start":{"line":131,"column":2},"end":{"line":131,"column":37}},"23":{"start":{"line":132,"column":2},"end":{"line":132,"column":48}},"24":{"start":{"line":133,"column":2},"end":{"line":133,"column":39}},"25":{"start":{"line":134,"column":2},"end":{"line":134,"column":33}},"26":{"start":{"line":135,"column":2},"end":{"line":135,"column":37}},"27":{"start":{"line":137,"column":2},"end":{"line":137,"column":24}},"28":{"start":{"line":150,"column":2},"end":{"line":150,"column":46}},"29":{"start":{"line":151,"column":2},"end":{"line":151,"column":3214}},"30":{"start":{"line":156,"column":2},"end":{"line":156,"column":36}},"31":{"start":{"line":157,"column":2},"end":{"line":157,"column":36}},"32":{"start":{"line":158,"column":2},"end":{"line":158,"column":32}},"33":{"start":{"line":159,"column":2},"end":{"line":159,"column":34}},"34":{"start":{"line":161,"column":2},"end":{"line":161,"column":37}},"35":{"start":{"line":175,"column":2},"end":{"line":175,"column":49}},"36":{"start":{"line":176,"column":2},"end":{"line":176,"column":3847}},"37":{"start":{"line":182,"column":2},"end":{"line":182,"column":4084}},"38":{"start":{"line":183,"column":3},"end":{"line":183,"column":41}},"39":{"start":{"line":184,"column":3},"end":{"line":184,"column":36}},"40":{"start":{"line":185,"column":3},"end":{"line":185,"column":39}},"41":{"start":{"line":186,"column":3},"end":{"line":186,"column":58}},"42":{"start":{"line":190,"column":3},"end":{"line":190,"column":44}},"43":{"start":{"line":191,"column":3},"end":{"line":191,"column":36}},"44":{"start":{"line":192,"column":3},"end":{"line":192,"column":37}},"45":{"start":{"line":208,"column":2},"end":{"line":208,"column":46}},"46":{"start":{"line":209,"column":2},"end":{"line":209,"column":4896}},"47":{"start":{"line":213,"column":2},"end":{"line":213,"column":36}},"48":{"start":{"line":214,"column":2},"end":{"line":214,"column":5051}},"49":{"start":{"line":219,"column":2},"end":{"line":219,"column":37}},"50":{"start":{"line":220,"column":2},"end":{"line":220,"column":32}},"51":{"start":{"line":221,"column":2},"end":{"line":221,"column":35}},"52":{"start":{"line":223,"column":2},"end":{"line":223,"column":40}},"53":{"start":{"line":235,"column":2},"end":{"line":235,"column":5496}},"54":{"start":{"line":239,"column":2},"end":{"line":239,"column":27}},"55":{"start":{"line":240,"column":2},"end":{"line":240,"column":53}},"56":{"start":{"line":242,"column":2},"end":{"line":242,"column":25}},"57":{"start":{"line":244,"column":2},"end":{"line":244,"column":35}},"58":{"start":{"line":256,"column":2},"end":{"line":256,"column":32}},"59":{"start":{"line":264,"column":2},"end":{"line":264,"column":60}},"60":{"start":{"line":265,"column":2},"end":{"line":265,"column":5994}},"61":{"start":{"line":266,"column":9},"end":{"line":266,"column":29}},"62":{"start":{"line":268,"column":5},"end":{"line":268,"column":18}},"63":{"start":{"line":276,"column":2},"end":{"line":276,"column":65}},"64":{"start":{"line":277,"column":2},"end":{"line":277,"column":6247}},"65":{"start":{"line":278,"column":9},"end":{"line":278,"column":38}},"66":{"start":{"line":280,"column":5},"end":{"line":280,"column":18}},"67":{"start":{"line":288,"column":2},"end":{"line":288,"column":40}},"68":{"start":{"line":290,"column":2},"end":{"line":290,"column":6498}},"69":{"start":{"line":291,"column":3},"end":{"line":291,"column":49}},"70":{"start":{"line":292,"column":3},"end":{"line":292,"column":6574}},"71":{"start":{"line":293,"column":4},"end":{"line":293,"column":44}},"72":{"start":{"line":296,"column":3},"end":{"line":296,"column":6693}},"73":{"start":{"line":297,"column":4},"end":{"line":297,"column":51}},"74":{"start":{"line":298,"column":4},"end":{"line":298,"column":6773}},"75":{"start":{"line":299,"column":5},"end":{"line":299,"column":46}},"76":{"start":{"line":302,"column":4},"end":{"line":302,"column":57}},"77":{"start":{"line":305,"column":2},"end":{"line":305,"column":15}},"78":{"start":{"line":313,"column":2},"end":{"line":313,"column":30}},"79":{"start":{"line":321,"column":2},"end":{"line":321,"column":31}}},"branchMap":{"1":{"line":46,"type":"if","locations":[{"start":{"line":46,"column":2},"end":{"line":46,"column":2}},{"start":{"line":46,"column":2},"end":{"line":46,"column":2}}]},"2":{"line":51,"type":"if","locations":[{"start":{"line":51,"column":2},"end":{"line":51,"column":2}},{"start":{"line":51,"column":2},"end":{"line":51,"column":2}}]},"3":{"line":56,"type":"if","locations":[{"start":{"line":56,"column":2},"end":{"line":56,"column":2}},{"start":{"line":56,"column":2},"end":{"line":56,"column":2}}]},"4":{"line":61,"type":"if","locations":[{"start":{"line":61,"column":2},"end":{"line":61,"column":2}},{"start":{"line":61,"column":2},"end":{"line":61,"column":2}}]},"5":{"line":66,"type":"if","locations":[{"start":{"line":66,"column":2},"end":{"line":66,"column":2}},{"start":{"line":66,"column":2},"end":{"line":66,"column":2}}]},"6":{"line":86,"type":"if","locations":[{"start":{"line":86,"column":2},"end":{"line":86,"column":2}},{"start":{"line":86,"column":2},"end":{"line":86,"column":2}}]},"7":{"line":90,"type":"if","locations":[{"start":{"line":90,"column":2},"end":{"line":90,"column":2}},{"start":{"line":90,"column":2},"end":{"line":90,"column":2}}]},"8":{"line":98,"type":"if","locations":[{"start":{"line":98,"column":2},"end":{"line":98,"column":2}},{"start":{"line":98,"column":2},"end":{"line":98,"column":2}}]},"9":{"line":126,"type":"if","locations":[{"start":{"line":126,"column":2},"end":{"line":126,"column":2}},{"start":{"line":126,"column":2},"end":{"line":126,"column":2}}]},"10":{"line":151,"type":"if","locations":[{"start":{"line":151,"column":2},"end":{"line":151,"column":2}},{"start":{"line":151,"column":2},"end":{"line":151,"column":2}}]},"11":{"line":176,"type":"if","locations":[{"start":{"line":176,"column":2},"end":{"line":176,"column":2}},{"start":{"line":176,"column":2},"end":{"line":176,"column":2}}]},"12":{"line":182,"type":"if","locations":[{"start":{"line":182,"column":2},"end":{"line":182,"column":2}},{"start":{"line":182,"column":2},"end":{"line":182,"column":2}}]},"13":{"line":209,"type":"if","locations":[{"start":{"line":209,"column":2},"end":{"line":209,"column":2}},{"start":{"line":209,"column":2},"end":{"line":209,"column":2}}]},"14":{"line":214,"type":"if","locations":[{"start":{"line":214,"column":2},"end":{"line":214,"column":2}},{"start":{"line":214,"column":2},"end":{"line":214,"column":2}}]},"15":{"line":235,"type":"if","locations":[{"start":{"line":235,"column":2},"end":{"line":235,"column":2}},{"start":{"line":235,"column":2},"end":{"line":235,"column":2}}]},"16":{"line":290,"type":"if","locations":[{"start":{"line":290,"column":2},"end":{"line":290,"column":2}},{"start":{"line":290,"column":2},"end":{"line":290,"column":2}}]},"17":{"line":296,"type":"if","locations":[{"start":{"line":296,"column":3},"end":{"line":296,"column":3}},{"start":{"line":296,"column":3},"end":{"line":296,"column":3}}]}}}}